error: joiSchema.validate is not a function {"timestamp":"2022-08-11T17:36:54.262Z"}
error: joiSchema.validate is not a function {"timestamp":"2022-08-11T17:38:49.523Z"}
error: this.collection.findOne is not a function {"timestamp":"2022-08-11T19:23:12.559Z"}
error: this.collection.create is not a function {"timestamp":"2022-08-11T19:23:12.720Z"}
error: this.collection.findOne is not a function {"timestamp":"2022-08-11T19:25:26.910Z"}
error: this.collection.create is not a function {"timestamp":"2022-08-11T19:25:27.032Z"}
error: this.collection.findOne is not a function {"timestamp":"2022-08-11T19:26:48.699Z"}
error: this.collection.create is not a function {"timestamp":"2022-08-11T19:26:48.851Z"}
error: this.collection.findOne is not a function {"timestamp":"2022-08-11T19:27:43.000Z"}
error: this.collection.create is not a function {"timestamp":"2022-08-11T19:27:43.139Z"}
error: this.collection.findOne is not a function {"timestamp":"2022-08-11T19:29:45.991Z"}
error: this.collection.create is not a function {"timestamp":"2022-08-11T19:29:46.110Z"}
error: this.collection.findOne is not a function {"timestamp":"2022-08-11T19:31:23.420Z"}
error: this.collection.create is not a function {"timestamp":"2022-08-11T19:31:23.550Z"}
error: this.collection.findOne is not a function {"timestamp":"2022-08-11T19:32:38.018Z"}
error: this.collection.create is not a function {"timestamp":"2022-08-11T19:32:38.143Z"}
error: this.collection.findOne is not a function {"timestamp":"2022-08-11T19:33:18.377Z"}
error: this.collection.create is not a function {"timestamp":"2022-08-11T19:33:18.510Z"}
error: this.collection.findOne is not a function {"timestamp":"2022-08-11T19:33:42.466Z"}
error: this.collection.create is not a function {"timestamp":"2022-08-11T19:33:42.601Z"}
error: this.collection.findOne is not a function {"timestamp":"2022-08-11T19:34:39.151Z"}
error: this.collection.create is not a function {"timestamp":"2022-08-11T19:34:39.289Z"}
error: this.collection.findOne is not a function {"timestamp":"2022-08-11T19:35:03.260Z"}
error: this.collection.create is not a function {"timestamp":"2022-08-11T19:35:03.409Z"}
error: this.collection.findOne is not a function {"timestamp":"2022-08-11T19:35:48.581Z"}
error: this.collection.create is not a function {"timestamp":"2022-08-11T19:35:48.713Z"}
error: this.collection.findOne is not a function {"timestamp":"2022-08-11T19:35:59.104Z"}
error: this.collection.create is not a function {"timestamp":"2022-08-11T19:35:59.240Z"}
error: this.collection.findOne is not a function {"timestamp":"2022-08-11T19:37:15.370Z"}
error: this.collection.create is not a function {"timestamp":"2022-08-11T19:37:15.504Z"}
error: this.collection.findOne is not a function {"timestamp":"2022-08-11T19:38:43.613Z"}
error: this.collection.create is not a function {"timestamp":"2022-08-11T19:38:43.749Z"}
error: this.collection.findOne is not a function {"timestamp":"2022-08-11T19:39:18.919Z"}
error: this.collection.create is not a function {"timestamp":"2022-08-11T19:39:19.039Z"}
error: mensajes validation failed: text: Path `text` is required. {"_message":"mensajes validation failed","errors":{"text":{"kind":"required","message":"Path `text` is required.","name":"ValidatorError","path":"text","properties":{"message":"Path `text` is required.","path":"text","type":"required","value":""},"value":""}},"timestamp":"2022-08-14T04:19:21.912Z"}
error: mensajes validation failed: text: Path `text` is required. {"_message":"mensajes validation failed","errors":{"text":{"kind":"required","message":"Path `text` is required.","name":"ValidatorError","path":"text","properties":{"message":"Path `text` is required.","path":"text","type":"required","value":""},"value":""}},"timestamp":"2022-08-14T04:19:22.462Z"}
error: mensajes validation failed: text: Path `text` is required. {"_message":"mensajes validation failed","errors":{"text":{"kind":"required","message":"Path `text` is required.","name":"ValidatorError","path":"text","properties":{"message":"Path `text` is required.","path":"text","type":"required","value":""},"value":""}},"timestamp":"2022-08-14T04:19:23.135Z"}
error: mensajes validation failed: tipo: Validator failed for path `tipo` with value `sdfasd` {"_message":"mensajes validation failed","errors":{"tipo":{"kind":"user defined","message":"Validator failed for path `tipo` with value `sdfasd`","name":"ValidatorError","path":"tipo","properties":{"message":"Validator failed for path `tipo` with value `sdfasd`","path":"tipo","type":"user defined","value":"sdfasd"},"value":"sdfasd"}},"timestamp":"2022-08-14T04:25:15.535Z"}
error: mensajes validation failed: tipo: Validator failed for path `tipo` with value `sdfasd` {"_message":"mensajes validation failed","errors":{"tipo":{"kind":"user defined","message":"Validator failed for path `tipo` with value `sdfasd`","name":"ValidatorError","path":"tipo","properties":{"message":"Validator failed for path `tipo` with value `sdfasd`","path":"tipo","type":"user defined","value":"sdfasd"},"value":"sdfasd"}},"timestamp":"2022-08-14T04:25:35.156Z"}
error: mensajes validation failed: tipo: Validator failed for path `tipo` with value `sdfasd` {"_message":"mensajes validation failed","errors":{"tipo":{"kind":"user defined","message":"Validator failed for path `tipo` with value `sdfasd`","name":"ValidatorError","path":"tipo","properties":{"message":"Validator failed for path `tipo` with value `sdfasd`","path":"tipo","type":"user defined","value":"sdfasd"},"value":"sdfasd"}},"timestamp":"2022-08-14T04:25:35.499Z"}
error: mensajes validation failed: tipo: Validator failed for path `tipo` with value `sdfasd` {"_message":"mensajes validation failed","errors":{"tipo":{"kind":"user defined","message":"Validator failed for path `tipo` with value `sdfasd`","name":"ValidatorError","path":"tipo","properties":{"message":"Validator failed for path `tipo` with value `sdfasd`","path":"tipo","type":"user defined","value":"sdfasd"},"value":"sdfasd"}},"timestamp":"2022-08-14T04:25:35.691Z"}
error: mensajes validation failed: tipo: Validator failed for path `tipo` with value `sdfasd` {"_message":"mensajes validation failed","errors":{"tipo":{"kind":"user defined","message":"Validator failed for path `tipo` with value `sdfasd`","name":"ValidatorError","path":"tipo","properties":{"message":"Validator failed for path `tipo` with value `sdfasd`","path":"tipo","type":"user defined","value":"sdfasd"},"value":"sdfasd"}},"timestamp":"2022-08-14T04:25:35.839Z"}
